2020-05-17 19:01:53 [192.168.99.1][-][-][warning][yii\debug\Module::checkAccess] Access to debugger is denied due to IP address restriction. The requesting IP address is 192.168.99.1
    in /var/www/views/layouts/main.php:79
    in /var/www/controllers/SiteController.php:64
2020-05-17 19:01:53 [192.168.99.1][-][-][warning][yii\debug\Module::checkAccess] Access to debugger is denied due to IP address restriction. The requesting IP address is 192.168.99.1
2020-05-17 19:01:52 [192.168.99.1][-][-][info][application] $_GET = []

$_POST = []

$_FILES = []

$_COOKIE = [
    'PHPSESSID' => '42e4e9165bd50e405e3d45da35a7726c'
    '_csrf' => 'd1b9a5d0f8cb9493c996a283184f56776f5e6a763792d5e4ae3e4c5210c75b3ea:2:{i:0;s:5:\"_csrf\";i:1;s:32:\"TOe27_UIMybZrEpnSgI-8sin56kboS4Q\";}'
]

$_SESSION = [
    '__flash' => []
]

$_SERVER = [
    'USER' => 'www-data'
    'HOME' => '/var/www'
    'HTTP_IF_MODIFIED_SINCE' => 'Tue, 14 Apr 2020 14:19:26 GMT'
    'HTTP_IF_NONE_MATCH' => '\"5e95c66e-264\"'
    'HTTP_COOKIE' => 'PHPSESSID=42e4e9165bd50e405e3d45da35a7726c; _csrf=d1b9a5d0f8cb9493c996a283184f56776f5e6a763792d5e4ae3e4c5210c75b3ea%3A2%3A%7Bi%3A0%3Bs%3A5%3A%22_csrf%22%3Bi%3A1%3Bs%3A32%3A%22TOe27_UIMybZrEpnSgI-8sin56kboS4Q%22%3B%7D'
    'HTTP_ACCEPT_LANGUAGE' => 'ru-RU,ru;q=0.9,en-US;q=0.8,en;q=0.7'
    'HTTP_ACCEPT_ENCODING' => 'gzip, deflate'
    'HTTP_ACCEPT' => 'text/html,application/xhtml+xml,application/xml;q=0.9,image/webp,image/apng,*/*;q=0.8,application/signed-exchange;v=b3;q=0.9'
    'HTTP_USER_AGENT' => 'Mozilla/5.0 (Windows NT 6.1; Win64; x64) AppleWebKit/537.36 (KHTML, like Gecko) Chrome/80.0.3987.116 Safari/537.36 OPR/67.0.3575.130'
    'HTTP_UPGRADE_INSECURE_REQUESTS' => '1'
    'HTTP_CACHE_CONTROL' => 'max-age=0'
    'HTTP_CONNECTION' => 'keep-alive'
    'HTTP_HOST' => '192.168.99.102:8500'
    'PATH_INFO' => ''
    'SCRIPT_FILENAME' => '/var/www/web/index.php'
    'REDIRECT_STATUS' => '200'
    'SERVER_NAME' => 'localhost'
    'SERVER_PORT' => '80'
    'SERVER_ADDR' => '172.18.0.4'
    'REMOTE_PORT' => '49829'
    'REMOTE_ADDR' => '192.168.99.1'
    'SERVER_SOFTWARE' => 'nginx/1.17.10'
    'GATEWAY_INTERFACE' => 'CGI/1.1'
    'REQUEST_SCHEME' => 'http'
    'SERVER_PROTOCOL' => 'HTTP/1.1'
    'DOCUMENT_ROOT' => '/var/www/web'
    'DOCUMENT_URI' => '/index.php'
    'REQUEST_URI' => '/'
    'SCRIPT_NAME' => '/index.php'
    'CONTENT_LENGTH' => ''
    'CONTENT_TYPE' => ''
    'REQUEST_METHOD' => 'GET'
    'QUERY_STRING' => ''
    'FCGI_ROLE' => 'RESPONDER'
    'PHP_SELF' => ''
    'REQUEST_TIME_FLOAT' => 1589742111.9597
    'REQUEST_TIME' => 1589742111
    'argv' => []
    'argc' => 0
]
2020-05-17 19:02:44 [192.168.99.1][-][42e4e9165bd50e405e3d45da35a7726c][error][yii\web\HttpException:404] yii\base\InvalidRouteException: Unable to resolve the request "users". in /var/www/vendor/yiisoft/yii2/base/Module.php:537
Stack trace:
#0 /var/www/vendor/yiisoft/yii2/web/Application.php(103): yii\base\Module->runAction('users', Array)
#1 /var/www/vendor/yiisoft/yii2/base/Application.php(386): yii\web\Application->handleRequest(Object(yii\web\Request))
#2 /var/www/web/index.php(12): yii\base\Application->run()
#3 {main}

Next yii\web\NotFoundHttpException: Page not found. in /var/www/vendor/yiisoft/yii2/web/Application.php:115
Stack trace:
#0 /var/www/vendor/yiisoft/yii2/base/Application.php(386): yii\web\Application->handleRequest(Object(yii\web\Request))
#1 /var/www/web/index.php(12): yii\base\Application->run()
#2 {main}
2020-05-17 19:02:44 [192.168.99.1][-][42e4e9165bd50e405e3d45da35a7726c][warning][yii\debug\Module::checkAccess] Access to debugger is denied due to IP address restriction. The requesting IP address is 192.168.99.1
    in /var/www/views/layouts/main.php:79
2020-05-17 19:02:44 [192.168.99.1][-][42e4e9165bd50e405e3d45da35a7726c][warning][yii\debug\Module::checkAccess] Access to debugger is denied due to IP address restriction. The requesting IP address is 192.168.99.1
2020-05-17 19:02:44 [192.168.99.1][-][42e4e9165bd50e405e3d45da35a7726c][info][application] $_GET = [
    'r' => 'users'
]

$_POST = []

$_FILES = []

$_COOKIE = [
    'PHPSESSID' => '42e4e9165bd50e405e3d45da35a7726c'
    '_csrf' => 'd1b9a5d0f8cb9493c996a283184f56776f5e6a763792d5e4ae3e4c5210c75b3ea:2:{i:0;s:5:\"_csrf\";i:1;s:32:\"TOe27_UIMybZrEpnSgI-8sin56kboS4Q\";}'
]

$_SESSION = [
    '__flash' => []
]

$_SERVER = [
    'USER' => 'www-data'
    'HOME' => '/var/www'
    'HTTP_COOKIE' => 'PHPSESSID=42e4e9165bd50e405e3d45da35a7726c; _csrf=d1b9a5d0f8cb9493c996a283184f56776f5e6a763792d5e4ae3e4c5210c75b3ea%3A2%3A%7Bi%3A0%3Bs%3A5%3A%22_csrf%22%3Bi%3A1%3Bs%3A32%3A%22TOe27_UIMybZrEpnSgI-8sin56kboS4Q%22%3B%7D'
    'HTTP_ACCEPT_LANGUAGE' => 'ru-RU,ru;q=0.9,en-US;q=0.8,en;q=0.7'
    'HTTP_ACCEPT_ENCODING' => 'gzip, deflate'
    'HTTP_REFERER' => 'http://192.168.99.102:8500/'
    'HTTP_ACCEPT' => 'text/html,application/xhtml+xml,application/xml;q=0.9,image/webp,image/apng,*/*;q=0.8,application/signed-exchange;v=b3;q=0.9'
    'HTTP_USER_AGENT' => 'Mozilla/5.0 (Windows NT 6.1; Win64; x64) AppleWebKit/537.36 (KHTML, like Gecko) Chrome/80.0.3987.116 Safari/537.36 OPR/67.0.3575.130'
    'HTTP_UPGRADE_INSECURE_REQUESTS' => '1'
    'HTTP_CONNECTION' => 'keep-alive'
    'HTTP_HOST' => '192.168.99.102:8500'
    'PATH_INFO' => ''
    'SCRIPT_FILENAME' => '/var/www/web/index.php'
    'REDIRECT_STATUS' => '200'
    'SERVER_NAME' => 'localhost'
    'SERVER_PORT' => '80'
    'SERVER_ADDR' => '172.18.0.4'
    'REMOTE_PORT' => '49835'
    'REMOTE_ADDR' => '192.168.99.1'
    'SERVER_SOFTWARE' => 'nginx/1.17.10'
    'GATEWAY_INTERFACE' => 'CGI/1.1'
    'REQUEST_SCHEME' => 'http'
    'SERVER_PROTOCOL' => 'HTTP/1.1'
    'DOCUMENT_ROOT' => '/var/www/web'
    'DOCUMENT_URI' => '/index.php'
    'REQUEST_URI' => '/index.php?r=users'
    'SCRIPT_NAME' => '/index.php'
    'CONTENT_LENGTH' => ''
    'CONTENT_TYPE' => ''
    'REQUEST_METHOD' => 'GET'
    'QUERY_STRING' => 'r=users'
    'FCGI_ROLE' => 'RESPONDER'
    'PHP_SELF' => ''
    'REQUEST_TIME_FLOAT' => 1589742164.575
    'REQUEST_TIME' => 1589742164
    'argv' => [
        0 => 'r=users'
    ]
    'argc' => 1
]
2020-05-17 19:02:51 [192.168.99.1][-][-][warning][yii\debug\Module::checkAccess] Access to debugger is denied due to IP address restriction. The requesting IP address is 192.168.99.1
    in /var/www/views/layouts/main.php:79
    in /var/www/controllers/SiteController.php:64
2020-05-17 19:02:51 [192.168.99.1][-][-][warning][yii\debug\Module::checkAccess] Access to debugger is denied due to IP address restriction. The requesting IP address is 192.168.99.1
2020-05-17 19:02:51 [192.168.99.1][-][-][info][application] $_GET = [
    'r' => 'site/index'
]

$_POST = []

$_FILES = []

$_COOKIE = [
    'PHPSESSID' => '42e4e9165bd50e405e3d45da35a7726c'
    '_csrf' => 'd1b9a5d0f8cb9493c996a283184f56776f5e6a763792d5e4ae3e4c5210c75b3ea:2:{i:0;s:5:\"_csrf\";i:1;s:32:\"TOe27_UIMybZrEpnSgI-8sin56kboS4Q\";}'
]

$_SESSION = [
    '__flash' => []
]

$_SERVER = [
    'USER' => 'www-data'
    'HOME' => '/var/www'
    'HTTP_COOKIE' => 'PHPSESSID=42e4e9165bd50e405e3d45da35a7726c; _csrf=d1b9a5d0f8cb9493c996a283184f56776f5e6a763792d5e4ae3e4c5210c75b3ea%3A2%3A%7Bi%3A0%3Bs%3A5%3A%22_csrf%22%3Bi%3A1%3Bs%3A32%3A%22TOe27_UIMybZrEpnSgI-8sin56kboS4Q%22%3B%7D'
    'HTTP_ACCEPT_LANGUAGE' => 'ru-RU,ru;q=0.9,en-US;q=0.8,en;q=0.7'
    'HTTP_ACCEPT_ENCODING' => 'gzip, deflate'
    'HTTP_REFERER' => 'http://192.168.99.102:8500/index.php?r=users'
    'HTTP_ACCEPT' => 'text/html,application/xhtml+xml,application/xml;q=0.9,image/webp,image/apng,*/*;q=0.8,application/signed-exchange;v=b3;q=0.9'
    'HTTP_USER_AGENT' => 'Mozilla/5.0 (Windows NT 6.1; Win64; x64) AppleWebKit/537.36 (KHTML, like Gecko) Chrome/80.0.3987.116 Safari/537.36 OPR/67.0.3575.130'
    'HTTP_UPGRADE_INSECURE_REQUESTS' => '1'
    'HTTP_CONNECTION' => 'keep-alive'
    'HTTP_HOST' => '192.168.99.102:8500'
    'PATH_INFO' => ''
    'SCRIPT_FILENAME' => '/var/www/web/index.php'
    'REDIRECT_STATUS' => '200'
    'SERVER_NAME' => 'localhost'
    'SERVER_PORT' => '80'
    'SERVER_ADDR' => '172.18.0.4'
    'REMOTE_PORT' => '49834'
    'REMOTE_ADDR' => '192.168.99.1'
    'SERVER_SOFTWARE' => 'nginx/1.17.10'
    'GATEWAY_INTERFACE' => 'CGI/1.1'
    'REQUEST_SCHEME' => 'http'
    'SERVER_PROTOCOL' => 'HTTP/1.1'
    'DOCUMENT_ROOT' => '/var/www/web'
    'DOCUMENT_URI' => '/index.php'
    'REQUEST_URI' => '/index.php?r=site%2Findex'
    'SCRIPT_NAME' => '/index.php'
    'CONTENT_LENGTH' => ''
    'CONTENT_TYPE' => ''
    'REQUEST_METHOD' => 'GET'
    'QUERY_STRING' => 'r=site%2Findex'
    'FCGI_ROLE' => 'RESPONDER'
    'PHP_SELF' => ''
    'REQUEST_TIME_FLOAT' => 1589742171.4062
    'REQUEST_TIME' => 1589742171
    'argv' => [
        0 => 'r=site%2Findex'
    ]
    'argc' => 1
]
2020-05-17 19:02:52 [192.168.99.1][-][-][warning][yii\debug\Module::checkAccess] Access to debugger is denied due to IP address restriction. The requesting IP address is 192.168.99.1
    in /var/www/views/layouts/main.php:79
    in /var/www/controllers/SiteController.php:126
2020-05-17 19:02:52 [192.168.99.1][-][-][warning][yii\debug\Module::checkAccess] Access to debugger is denied due to IP address restriction. The requesting IP address is 192.168.99.1
2020-05-17 19:02:52 [192.168.99.1][-][-][info][application] $_GET = [
    'r' => 'site/about'
]

$_POST = []

$_FILES = []

$_COOKIE = [
    'PHPSESSID' => '42e4e9165bd50e405e3d45da35a7726c'
    '_csrf' => 'd1b9a5d0f8cb9493c996a283184f56776f5e6a763792d5e4ae3e4c5210c75b3ea:2:{i:0;s:5:\"_csrf\";i:1;s:32:\"TOe27_UIMybZrEpnSgI-8sin56kboS4Q\";}'
]

$_SESSION = [
    '__flash' => []
]

$_SERVER = [
    'USER' => 'www-data'
    'HOME' => '/var/www'
    'HTTP_COOKIE' => 'PHPSESSID=42e4e9165bd50e405e3d45da35a7726c; _csrf=d1b9a5d0f8cb9493c996a283184f56776f5e6a763792d5e4ae3e4c5210c75b3ea%3A2%3A%7Bi%3A0%3Bs%3A5%3A%22_csrf%22%3Bi%3A1%3Bs%3A32%3A%22TOe27_UIMybZrEpnSgI-8sin56kboS4Q%22%3B%7D'
    'HTTP_ACCEPT_LANGUAGE' => 'ru-RU,ru;q=0.9,en-US;q=0.8,en;q=0.7'
    'HTTP_ACCEPT_ENCODING' => 'gzip, deflate'
    'HTTP_REFERER' => 'http://192.168.99.102:8500/index.php?r=site%2Findex'
    'HTTP_ACCEPT' => 'text/html,application/xhtml+xml,application/xml;q=0.9,image/webp,image/apng,*/*;q=0.8,application/signed-exchange;v=b3;q=0.9'
    'HTTP_USER_AGENT' => 'Mozilla/5.0 (Windows NT 6.1; Win64; x64) AppleWebKit/537.36 (KHTML, like Gecko) Chrome/80.0.3987.116 Safari/537.36 OPR/67.0.3575.130'
    'HTTP_UPGRADE_INSECURE_REQUESTS' => '1'
    'HTTP_CONNECTION' => 'keep-alive'
    'HTTP_HOST' => '192.168.99.102:8500'
    'PATH_INFO' => ''
    'SCRIPT_FILENAME' => '/var/www/web/index.php'
    'REDIRECT_STATUS' => '200'
    'SERVER_NAME' => 'localhost'
    'SERVER_PORT' => '80'
    'SERVER_ADDR' => '172.18.0.4'
    'REMOTE_PORT' => '49835'
    'REMOTE_ADDR' => '192.168.99.1'
    'SERVER_SOFTWARE' => 'nginx/1.17.10'
    'GATEWAY_INTERFACE' => 'CGI/1.1'
    'REQUEST_SCHEME' => 'http'
    'SERVER_PROTOCOL' => 'HTTP/1.1'
    'DOCUMENT_ROOT' => '/var/www/web'
    'DOCUMENT_URI' => '/index.php'
    'REQUEST_URI' => '/index.php?r=site%2Fabout'
    'SCRIPT_NAME' => '/index.php'
    'CONTENT_LENGTH' => ''
    'CONTENT_TYPE' => ''
    'REQUEST_METHOD' => 'GET'
    'QUERY_STRING' => 'r=site%2Fabout'
    'FCGI_ROLE' => 'RESPONDER'
    'PHP_SELF' => ''
    'REQUEST_TIME_FLOAT' => 1589742172.3468
    'REQUEST_TIME' => 1589742172
    'argv' => [
        0 => 'r=site%2Fabout'
    ]
    'argc' => 1
]
2020-05-17 19:07:17 [192.168.99.1][-][-][warning][yii\debug\Module::checkAccess] Access to debugger is denied due to IP address restriction. The requesting IP address is 192.168.99.1
    in /var/www/views/layouts/main.php:79
    in /var/www/controllers/SiteController.php:126
2020-05-17 19:07:17 [192.168.99.1][-][-][warning][yii\debug\Module::checkAccess] Access to debugger is denied due to IP address restriction. The requesting IP address is 192.168.99.1
2020-05-17 19:07:17 [192.168.99.1][-][-][info][application] $_GET = [
    'r' => 'site/about'
]

$_POST = []

$_FILES = []

$_COOKIE = [
    'PHPSESSID' => '42e4e9165bd50e405e3d45da35a7726c'
    '_csrf' => 'd1b9a5d0f8cb9493c996a283184f56776f5e6a763792d5e4ae3e4c5210c75b3ea:2:{i:0;s:5:\"_csrf\";i:1;s:32:\"TOe27_UIMybZrEpnSgI-8sin56kboS4Q\";}'
]

$_SESSION = [
    '__flash' => []
]

$_SERVER = [
    'USER' => 'www-data'
    'HOME' => '/var/www'
    'HTTP_COOKIE' => 'PHPSESSID=42e4e9165bd50e405e3d45da35a7726c; _csrf=d1b9a5d0f8cb9493c996a283184f56776f5e6a763792d5e4ae3e4c5210c75b3ea%3A2%3A%7Bi%3A0%3Bs%3A5%3A%22_csrf%22%3Bi%3A1%3Bs%3A32%3A%22TOe27_UIMybZrEpnSgI-8sin56kboS4Q%22%3B%7D'
    'HTTP_ACCEPT_LANGUAGE' => 'ru-RU,ru;q=0.9,en-US;q=0.8,en;q=0.7'
    'HTTP_ACCEPT_ENCODING' => 'gzip, deflate'
    'HTTP_REFERER' => 'http://192.168.99.102:8500/index.php?r=site%2Findex'
    'HTTP_ACCEPT' => 'text/html,application/xhtml+xml,application/xml;q=0.9,image/webp,image/apng,*/*;q=0.8,application/signed-exchange;v=b3;q=0.9'
    'HTTP_USER_AGENT' => 'Mozilla/5.0 (Windows NT 6.1; Win64; x64) AppleWebKit/537.36 (KHTML, like Gecko) Chrome/80.0.3987.116 Safari/537.36 OPR/67.0.3575.130'
    'HTTP_UPGRADE_INSECURE_REQUESTS' => '1'
    'HTTP_CACHE_CONTROL' => 'max-age=0'
    'HTTP_CONNECTION' => 'keep-alive'
    'HTTP_HOST' => '192.168.99.102:8500'
    'PATH_INFO' => ''
    'SCRIPT_FILENAME' => '/var/www/web/index.php'
    'REDIRECT_STATUS' => '200'
    'SERVER_NAME' => 'localhost'
    'SERVER_PORT' => '80'
    'SERVER_ADDR' => '172.18.0.4'
    'REMOTE_PORT' => '49835'
    'REMOTE_ADDR' => '192.168.99.1'
    'SERVER_SOFTWARE' => 'nginx/1.17.10'
    'GATEWAY_INTERFACE' => 'CGI/1.1'
    'REQUEST_SCHEME' => 'http'
    'SERVER_PROTOCOL' => 'HTTP/1.1'
    'DOCUMENT_ROOT' => '/var/www/web'
    'DOCUMENT_URI' => '/index.php'
    'REQUEST_URI' => '/index.php?r=site%2Fabout'
    'SCRIPT_NAME' => '/index.php'
    'CONTENT_LENGTH' => ''
    'CONTENT_TYPE' => ''
    'REQUEST_METHOD' => 'GET'
    'QUERY_STRING' => 'r=site%2Fabout'
    'FCGI_ROLE' => 'RESPONDER'
    'PHP_SELF' => ''
    'REQUEST_TIME_FLOAT' => 1589742437.7969
    'REQUEST_TIME' => 1589742437
    'argv' => [
        0 => 'r=site%2Fabout'
    ]
    'argc' => 1
]
2020-05-17 19:07:20 [192.168.99.1][-][-][warning][yii\debug\Module::checkAccess] Access to debugger is denied due to IP address restriction. The requesting IP address is 192.168.99.1
    in /var/www/views/layouts/main.php:79
    in /var/www/controllers/SiteController.php:64
2020-05-17 19:07:20 [192.168.99.1][-][-][warning][yii\debug\Module::checkAccess] Access to debugger is denied due to IP address restriction. The requesting IP address is 192.168.99.1
2020-05-17 19:07:20 [192.168.99.1][-][-][info][application] $_GET = []

$_POST = []

$_FILES = []

$_COOKIE = [
    'PHPSESSID' => '42e4e9165bd50e405e3d45da35a7726c'
    '_csrf' => 'd1b9a5d0f8cb9493c996a283184f56776f5e6a763792d5e4ae3e4c5210c75b3ea:2:{i:0;s:5:\"_csrf\";i:1;s:32:\"TOe27_UIMybZrEpnSgI-8sin56kboS4Q\";}'
]

$_SESSION = [
    '__flash' => []
]

$_SERVER = [
    'USER' => 'www-data'
    'HOME' => '/var/www'
    'HTTP_COOKIE' => 'PHPSESSID=42e4e9165bd50e405e3d45da35a7726c; _csrf=d1b9a5d0f8cb9493c996a283184f56776f5e6a763792d5e4ae3e4c5210c75b3ea%3A2%3A%7Bi%3A0%3Bs%3A5%3A%22_csrf%22%3Bi%3A1%3Bs%3A32%3A%22TOe27_UIMybZrEpnSgI-8sin56kboS4Q%22%3B%7D'
    'HTTP_ACCEPT_LANGUAGE' => 'ru-RU,ru;q=0.9,en-US;q=0.8,en;q=0.7'
    'HTTP_ACCEPT_ENCODING' => 'gzip, deflate'
    'HTTP_REFERER' => 'http://192.168.99.102:8500/index.php?r=site%2Fabout'
    'HTTP_ACCEPT' => 'text/html,application/xhtml+xml,application/xml;q=0.9,image/webp,image/apng,*/*;q=0.8,application/signed-exchange;v=b3;q=0.9'
    'HTTP_USER_AGENT' => 'Mozilla/5.0 (Windows NT 6.1; Win64; x64) AppleWebKit/537.36 (KHTML, like Gecko) Chrome/80.0.3987.116 Safari/537.36 OPR/67.0.3575.130'
    'HTTP_UPGRADE_INSECURE_REQUESTS' => '1'
    'HTTP_CONNECTION' => 'keep-alive'
    'HTTP_HOST' => '192.168.99.102:8500'
    'PATH_INFO' => ''
    'SCRIPT_FILENAME' => '/var/www/web/index.php'
    'REDIRECT_STATUS' => '200'
    'SERVER_NAME' => 'localhost'
    'SERVER_PORT' => '80'
    'SERVER_ADDR' => '172.18.0.4'
    'REMOTE_PORT' => '49834'
    'REMOTE_ADDR' => '192.168.99.1'
    'SERVER_SOFTWARE' => 'nginx/1.17.10'
    'GATEWAY_INTERFACE' => 'CGI/1.1'
    'REQUEST_SCHEME' => 'http'
    'SERVER_PROTOCOL' => 'HTTP/1.1'
    'DOCUMENT_ROOT' => '/var/www/web'
    'DOCUMENT_URI' => '/index.php'
    'REQUEST_URI' => '/index.php'
    'SCRIPT_NAME' => '/index.php'
    'CONTENT_LENGTH' => ''
    'CONTENT_TYPE' => ''
    'REQUEST_METHOD' => 'GET'
    'QUERY_STRING' => ''
    'FCGI_ROLE' => 'RESPONDER'
    'PHP_SELF' => ''
    'REQUEST_TIME_FLOAT' => 1589742440.0653
    'REQUEST_TIME' => 1589742440
    'argv' => []
    'argc' => 0
]
